mode: count
github.com/kgibilterra/high5-api/muxCustomDB/repo.go:12.13,15.2 2 1
github.com/kgibilterra/high5-api/muxCustomDB/repo.go:18.40,19.30 1 1
github.com/kgibilterra/high5-api/muxCustomDB/repo.go:25.2,25.19 1 0
github.com/kgibilterra/high5-api/muxCustomDB/repo.go:19.30,20.17 1 1
github.com/kgibilterra/high5-api/muxCustomDB/repo.go:20.17,22.4 1 1
github.com/kgibilterra/high5-api/muxCustomDB/repo.go:29.46,35.2 5 4
github.com/kgibilterra/high5-api/muxCustomDB/repo.go:38.40,39.30 1 1
github.com/kgibilterra/high5-api/muxCustomDB/repo.go:45.2,45.75 1 0
github.com/kgibilterra/high5-api/muxCustomDB/repo.go:39.30,40.17 1 1
github.com/kgibilterra/high5-api/muxCustomDB/repo.go:40.17,43.4 2 1
github.com/kgibilterra/high5-api/muxCustomDB/router.go:9.30,12.31 2 1
github.com/kgibilterra/high5-api/muxCustomDB/router.go:24.2,24.15 1 1
github.com/kgibilterra/high5-api/muxCustomDB/router.go:12.31,23.3 4 4
github.com/kgibilterra/high5-api/muxCustomDB/handlers.go:16.59,19.61 3 1
github.com/kgibilterra/high5-api/muxCustomDB/handlers.go:19.61,20.13 1 0
github.com/kgibilterra/high5-api/muxCustomDB/handlers.go:24.58,35.53 9 1
github.com/kgibilterra/high5-api/muxCustomDB/handlers.go:35.53,36.13 1 0
github.com/kgibilterra/high5-api/muxCustomDB/handlers.go:40.59,43.16 3 2
github.com/kgibilterra/high5-api/muxCustomDB/handlers.go:46.2,46.39 1 2
github.com/kgibilterra/high5-api/muxCustomDB/handlers.go:49.2,49.56 1 2
github.com/kgibilterra/high5-api/muxCustomDB/handlers.go:57.2,60.53 4 2
github.com/kgibilterra/high5-api/muxCustomDB/handlers.go:43.16,44.13 1 0
github.com/kgibilterra/high5-api/muxCustomDB/handlers.go:46.39,47.13 1 0
github.com/kgibilterra/high5-api/muxCustomDB/handlers.go:49.56,52.56 3 1
github.com/kgibilterra/high5-api/muxCustomDB/handlers.go:52.56,53.14 1 0
github.com/kgibilterra/high5-api/muxCustomDB/handlers.go:60.53,61.13 1 0
github.com/kgibilterra/high5-api/muxCustomDB/handlers.go:65.61,71.16 6 1
github.com/kgibilterra/high5-api/muxCustomDB/handlers.go:74.2,74.37 1 1
github.com/kgibilterra/high5-api/muxCustomDB/handlers.go:71.16,72.13 1 0
github.com/kgibilterra/high5-api/muxCustomDB/logger.go:9.59,10.71 1 4
github.com/kgibilterra/high5-api/muxCustomDB/logger.go:10.71,21.3 3 0
